This is pdfTeX, Version 3.1415926-2.4-1.40.13 (MiKTeX 2.9) (preloaded format=pdflatex 2013.1.17)  17 JUN 2013 15:15
entering extended mode
**D:/Projects/corruption/graph/world.corruption.tex
(D:/Projects/corruption/graph/world.corruption.tex
LaTeX2e <2011/06/27>
Babel <v3.8m> and hyphenation patterns for english, afrikaans, ancientgreek, ar
abic, armenian, assamese, basque, bengali, bokmal, bulgarian, catalan, coptic, 
croatian, czech, danish, dutch, esperanto, estonian, farsi, finnish, french, ga
lician, german, german-x-2012-05-30, greek, gujarati, hindi, hungarian, iceland
ic, indonesian, interlingua, irish, italian, kannada, kurmanji, latin, latvian,
 lithuanian, malayalam, marathi, mongolian, mongolianlmc, monogreek, ngerman, n
german-x-2012-05-30, nynorsk, oriya, panjabi, pinyin, polish, portuguese, roman
ian, russian, sanskrit, serbian, slovak, slovenian, spanish, swedish, swissgerm
an, tamil, telugu, turkish, turkmen, ukenglish, ukrainian, uppersorbian, usengl
ishmax, welsh, loaded.
("C:\Program Files (x86)\MiKTeX 2.9\tex\latex\base\article.cls"
Document Class: article 2007/10/19 v1.4h Standard LaTeX document class
("C:\Program Files (x86)\MiKTeX 2.9\tex\latex\base\size10.clo"
File: size10.clo 2007/10/19 v1.4h Standard LaTeX file (size option)
)
\c@part=\count79
\c@section=\count80
\c@subsection=\count81
\c@subsubsection=\count82
\c@paragraph=\count83
\c@subparagraph=\count84
\c@figure=\count85
\c@table=\count86
\abovecaptionskip=\skip41
\belowcaptionskip=\skip42
\bibindent=\dimen102
)
(D:\Projects\corruption\graph\animate.sty
Package: animate 2010/09/28 PDF animations from files and inline graphics

("C:\Program Files (x86)\MiKTeX 2.9\tex\latex\graphics\keyval.sty"
Package: keyval 1999/03/16 v1.13 key=value parser (DPC)
\KV@toks@=\toks14
)
("C:\Program Files (x86)\MiKTeX 2.9\tex\latex\base\ifthen.sty"
Package: ifthen 2001/05/26 v1.1c Standard LaTeX ifthen package (DPC)
)
("C:\Program Files (x86)\MiKTeX 2.9\tex\generic\oberdiek\ifpdf.sty"
Package: ifpdf 2011/01/30 v2.3 Provides the ifpdf switch (HO)
Package ifpdf Info: pdfTeX in PDF mode is detected.
)
("C:\Program Files (x86)\MiKTeX 2.9\tex\latex\oberdiek\ifdraft.sty"
Package: ifdraft 2008/08/11 v1.3 Detect class options draft and final (HO)
)
("C:\Program Files (x86)\MiKTeX 2.9\tex\latex\tools\calc.sty"
Package: calc 2007/08/22 v4.3 Infix arithmetic (KKT,FJ)
\calc@Acount=\count87
\calc@Bcount=\count88
\calc@Adimen=\dimen103
\calc@Bdimen=\dimen104
\calc@Askip=\skip43
\calc@Bskip=\skip44
LaTeX Info: Redefining \setlength on input line 76.
LaTeX Info: Redefining \addtolength on input line 77.
\calc@Ccount=\count89
\calc@Cskip=\skip45
)
(D:\Projects\corruption\graph\animfp.sty
Package: animfp 2009/07/23 fixed point addition for animate.sty
\afp@xs=\count90
\afp@xia=\count91
\afp@xib=\count92
\afp@xfa=\count93
\afp@xfb=\count94
\afp@rega=\count95
\afp@regb=\count96
\afp@regs=\count97
)
("C:\Program Files (x86)\MiKTeX 2.9\tex\context\base\supp-pdf.mkii"
[Loading MPS to PDF converter (version 2006.09.02).]
\scratchcounter=\count98
\scratchdimen=\dimen105
\scratchbox=\box26
\nofMPsegments=\count99
\nofMParguments=\count100
\everyMPshowfont=\toks15
\MPscratchCnt=\count101
\MPscratchDim=\dimen106
\MPnumerator=\count102
\makeMPintoPDFobject=\count103
\everyMPtoPDFconversion=\toks16
)
\@anim@@fields=\count104
\@anim@@ocgs=\count105
\@anim@@posterocgs=\count106
\@anim@box=\box27
\@anim@tmpdima=\dimen107
\@anim@tmpdimb=\dimen108
\@anim@num=\count107
\@anim@curframe=\count108
\@anim@curframe@zb=\count109
\@anim@resize=\count110
\@anim@skipfram=\count111
\@anim@mulframecnt=\count112
\@anim@@tmlnfile=\read1
\@anim@tmpcnt=\count113
\c@@anim@tmpcnt=\count114
\@anim@curlayer=\count115
\@anim@lineno=\count116
\@anim@begin=\toks17
\@anim@end=\toks18
) (D:\Projects\corruption\graph\world.corruption.aux)
LaTeX Font Info:    Checking defaults for OML/cmm/m/it on input line 3.
LaTeX Font Info:    ... okay on input line 3.
LaTeX Font Info:    Checking defaults for T1/cmr/m/n on input line 3.
LaTeX Font Info:    ... okay on input line 3.
LaTeX Font Info:    Checking defaults for OT1/cmr/m/n on input line 3.
LaTeX Font Info:    ... okay on input line 3.
LaTeX Font Info:    Checking defaults for OMS/cmsy/m/n on input line 3.
LaTeX Font Info:    ... okay on input line 3.
LaTeX Font Info:    Checking defaults for OMX/cmex/m/n on input line 3.
LaTeX Font Info:    ... okay on input line 3.
LaTeX Font Info:    Checking defaults for U/cmr/m/n on input line 3.
LaTeX Font Info:    ... okay on input line 3.
 <D:/Projects/corruption/graph/Rplot1.png> <D:/Projects/corruption/graph/Rplot2
.png> <D:/Projects/corruption/graph/Rplot3.png> <D:/Projects/corruption/graph/R
plot4.png> <D:/Projects/corruption/graph/Rplot5.png> <D:/Projects/corruption/gr
aph/Rplot6.png> <D:/Projects/corruption/graph/Rplot7.png> <D:/Projects/corrupti
on/graph/Rplot8.png> <D:/Projects/corruption/graph/Rplot9.png> <D:/Projects/cor
ruption/graph/Rplot10.png> <D:/Projects/corruption/graph/Rplot11.png> <D:/Proje
cts/corruption/graph/Rplot12.png> <D:/Projects/corruption/graph/Rplot13.png> [1
{C:/Users/Anh/AppData/Local/MiKTeX/2.9/pdftex/config/pdftex.map}]
(D:\Projects\corruption\graph\world.corruption.aux) ) 
Here is how much of TeX's memory you used:
 1193 strings out of 493921
 17181 string characters out of 3144882
 78503 words of memory out of 3000000
 4522 multiletter control sequences out of 15000+200000
 3640 words of font info for 14 fonts, out of 3000000 for 9000
 841 hyphenation exceptions out of 8191
 23i,4n,23p,225b,228s stack positions out of 5000i,500n,10000p,200000b,50000s
<C:/Program Files (x86)/Mi
KTeX 2.9/fonts/type1/public/amsfonts/cm/cmr10.pfb>
Output written on world.corruption.pdf (1 page, 247079 bytes).
PDF statistics:
 132 PDF objects out of 1000 (max. 8388607)
 0 named destinations out of 1000 (max. 500000)
 306 words of extra memory for PDF output out of 10000 (max. 10000000)

